Traceback (most recent call last):
  File "C:\Anaconda\lib\site-packages\jupyter_cache\executors\utils.py", line 58, in single_nb_execution
    executenb(
  File "C:\Anaconda\lib\site-packages\nbclient\client.py", line 1204, in execute
    return NotebookClient(nb=nb, resources=resources, km=km, **kwargs).execute()
  File "C:\Anaconda\lib\site-packages\nbclient\util.py", line 84, in wrapped
    return just_run(coro(*args, **kwargs))
  File "C:\Anaconda\lib\site-packages\nbclient\util.py", line 62, in just_run
    return loop.run_until_complete(coro)
  File "C:\Anaconda\lib\asyncio\base_events.py", line 647, in run_until_complete
    return future.result()
  File "C:\Anaconda\lib\site-packages\nbclient\client.py", line 663, in async_execute
    await self.async_execute_cell(
  File "C:\Anaconda\lib\site-packages\nbclient\client.py", line 965, in async_execute_cell
    await self._check_raise_for_error(cell, cell_index, exec_reply)
  File "C:\Anaconda\lib\site-packages\nbclient\client.py", line 862, in _check_raise_for_error
    raise CellExecutionError.from_cell_and_msg(cell, exec_reply_content)
nbclient.exceptions.CellExecutionError: An error occurred while executing the following cell:
------------------
#se verifica la funcion
import_data_sbs_banks(1,2017,8,2018)
------------------

[1;31m---------------------------------------------------------------------------[0m
[1;31mFileNotFoundError[0m                         Traceback (most recent call last)
[1;32m~\AppData\Local\Temp\ipykernel_2192\190744573.py[0m in [0;36m<module>[1;34m[0m
[0;32m      1[0m [1;31m#se verifica la funcion[0m[1;33m[0m[1;33m[0m[0m
[1;32m----> 2[1;33m [0mimport_data_sbs_banks[0m[1;33m([0m[1;36m1[0m[1;33m,[0m[1;36m2017[0m[1;33m,[0m[1;36m8[0m[1;33m,[0m[1;36m2018[0m[1;33m)[0m[1;33m[0m[1;33m[0m[0m
[0m
[1;32m~\AppData\Local\Temp\ipykernel_2192\3264484159.py[0m in [0;36mimport_data_sbs_banks[1;34m(start_month, start_year, end_month, end_year)[0m
[0;32m     23[0m     [1;31m# Obtener todos los archivos en el directorio[0m[1;33m[0m[1;33m[0m[0m
[0;32m     24[0m     [0mpath[0m [1;33m=[0m [1;34mr"..\..\_data\sbs\B_RawData\bancos"[0m[1;33m[0m[1;33m[0m[0m
[1;32m---> 25[1;33m     [0mfiles[0m [1;33m=[0m [0mos[0m[1;33m.[0m[0mlistdir[0m[1;33m([0m[0mpath[0m[1;33m)[0m[1;33m[0m[1;33m[0m[0m
[0m[0;32m     26[0m [1;33m[0m[0m
[0;32m     27[0m     [1;31m# Bucle a través de cada archivo[0m[1;33m[0m[1;33m[0m[0m

[1;31mFileNotFoundError[0m: [WinError 3] El sistema no puede encontrar la ruta especificada: '..\\..\\_data\\sbs\\B_RawData\\bancos'
FileNotFoundError: [WinError 3] El sistema no puede encontrar la ruta especificada: '..\\..\\_data\\sbs\\B_RawData\\bancos'

