Traceback (most recent call last):
  File "C:\Anaconda\lib\site-packages\jupyter_cache\executors\utils.py", line 58, in single_nb_execution
    executenb(
  File "C:\Anaconda\lib\site-packages\nbclient\client.py", line 1204, in execute
    return NotebookClient(nb=nb, resources=resources, km=km, **kwargs).execute()
  File "C:\Anaconda\lib\site-packages\nbclient\util.py", line 84, in wrapped
    return just_run(coro(*args, **kwargs))
  File "C:\Anaconda\lib\site-packages\nbclient\util.py", line 62, in just_run
    return loop.run_until_complete(coro)
  File "C:\Anaconda\lib\asyncio\base_events.py", line 647, in run_until_complete
    return future.result()
  File "C:\Anaconda\lib\site-packages\nbclient\client.py", line 663, in async_execute
    await self.async_execute_cell(
  File "C:\Anaconda\lib\site-packages\nbclient\client.py", line 965, in async_execute_cell
    await self._check_raise_for_error(cell, cell_index, exec_reply)
  File "C:\Anaconda\lib\site-packages\nbclient\client.py", line 862, in _check_raise_for_error
    raise CellExecutionError.from_cell_and_msg(cell, exec_reply_content)
nbclient.exceptions.CellExecutionError: An error occurred while executing the following cell:
------------------
# Best practices
driver.find_element_by_id('select_ambito')
driver.find_element_by_name('cod_ambito')
#driver.find_element_by_xpath('/html/body/onpe-root/onpe-layout-container/onpe-onpe-epres-re/div[1]/div[3]/div[1]/div[1]/div/div/div/select')
------------------

[1;31m---------------------------------------------------------------------------[0m
[1;31mAttributeError[0m                            Traceback (most recent call last)
[1;32m~\AppData\Local\Temp\ipykernel_15912\1443114938.py[0m in [0;36m<module>[1;34m[0m
[0;32m      1[0m [1;31m# Best practices[0m[1;33m[0m[1;33m[0m[0m
[1;32m----> 2[1;33m [0mdriver[0m[1;33m.[0m[0mfind_element_by_id[0m[1;33m([0m[1;34m'select_ambito'[0m[1;33m)[0m[1;33m[0m[1;33m[0m[0m
[0m[0;32m      3[0m [0mdriver[0m[1;33m.[0m[0mfind_element_by_name[0m[1;33m([0m[1;34m'cod_ambito'[0m[1;33m)[0m[1;33m[0m[1;33m[0m[0m
[0;32m      4[0m [1;31m#driver.find_element_by_xpath('/html/body/onpe-root/onpe-layout-container/onpe-onpe-epres-re/div[1]/div[3]/div[1]/div[1]/div/div/div/select')[0m[1;33m[0m[1;33m[0m[0m

[1;31mAttributeError[0m: 'WebDriver' object has no attribute 'find_element_by_id'
AttributeError: 'WebDriver' object has no attribute 'find_element_by_id'

